The system is: Linux - 5.16.5-1-default - x86_64
Compiling the C compiler identification source file "CMakeCCompilerId.c" succeeded.
Compiler: /bin/clang-13.0.1 
Build flags: 
Id flags:  

The output was:
0


Compilation of the C compiler identification source "CMakeCCompilerId.c" produced "a.out"

The C compiler identification is Clang, found in "/home/theam/development/projects/cpp/modbus_ex/build/CMakeFiles/3.22.2/CompilerIdC/a.out"

Compiling the CXX compiler identification source file "CMakeCXXCompilerId.cpp" succeeded.
Compiler: /bin/clang++-13.0.1 
Build flags: 
Id flags:  

The output was:
0


Compilation of the CXX compiler identification source "CMakeCXXCompilerId.cpp" produced "a.out"

The CXX compiler identification is Clang, found in "/home/theam/development/projects/cpp/modbus_ex/build/CMakeFiles/3.22.2/CompilerIdCXX/a.out"

Detecting C compiler ABI info compiled with the following output:
Change Dir: /home/theam/development/projects/cpp/modbus_ex/build/CMakeFiles/CMakeTmp

Run Build Command(s):/usr/bin/gmake -f Makefile cmTC_b02c1/fast && /usr/bin/gmake  -f CMakeFiles/cmTC_b02c1.dir/build.make CMakeFiles/cmTC_b02c1.dir/build
gmake[1]: Entering directory '/home/theam/development/projects/cpp/modbus_ex/build/CMakeFiles/CMakeTmp'
Building C object CMakeFiles/cmTC_b02c1.dir/CMakeCCompilerABI.c.o
/bin/clang-13.0.1   -v -MD -MT CMakeFiles/cmTC_b02c1.dir/CMakeCCompilerABI.c.o -MF CMakeFiles/cmTC_b02c1.dir/CMakeCCompilerABI.c.o.d -o CMakeFiles/cmTC_b02c1.dir/CMakeCCompilerABI.c.o -c /usr/share/cmake/Modules/CMakeCCompilerABI.c
clang version 13.0.1
Target: x86_64-unknown-linux-gnu
Thread model: posix
InstalledDir: /bin
Found candidate GCC installation: /bin/../lib64/gcc/x86_64-suse-linux/10
Found candidate GCC installation: /bin/../lib64/gcc/x86_64-suse-linux/11
Selected GCC installation: /bin/../lib64/gcc/x86_64-suse-linux/11
Candidate multilib: .;@m64
Selected multilib: .;@m64
 (in-process)
 "/usr/bin/clang-13.0.1" -cc1 -triple x86_64-unknown-linux-gnu -emit-obj -mrelax-all --mrelax-relocations -disable-free -disable-llvm-verifier -discard-value-names -main-file-name CMakeCCompilerABI.c -mrelocation-model static -mframe-pointer=all -fmath-errno -fno-rounding-math -mconstructor-aliases -munwind-tables -target-cpu x86-64 -tune-cpu generic -debugger-tuning=gdb -v -fcoverage-compilation-dir=/home/theam/development/projects/cpp/modbus_ex/build/CMakeFiles/CMakeTmp -resource-dir /usr/lib64/clang/13.0.1 -dependency-file CMakeFiles/cmTC_b02c1.dir/CMakeCCompilerABI.c.o.d -MT CMakeFiles/cmTC_b02c1.dir/CMakeCCompilerABI.c.o -sys-header-deps -internal-isystem /usr/lib64/clang/13.0.1/include -internal-isystem /usr/local/include -internal-isystem /bin/../lib64/gcc/x86_64-suse-linux/11/../../../../x86_64-suse-linux/include -internal-externc-isystem /include -internal-externc-isystem /usr/include -fdebug-compilation-dir=/home/theam/development/projects/cpp/modbus_ex/build/CMakeFiles/CMakeTmp -ferror-limit 19 -fgnuc-version=4.2.1 -faddrsig -D__GCC_HAVE_DWARF2_CFI_ASM=1 -o CMakeFiles/cmTC_b02c1.dir/CMakeCCompilerABI.c.o -x c /usr/share/cmake/Modules/CMakeCCompilerABI.c
clang -cc1 version 13.0.1 based upon LLVM 13.0.1 default target x86_64-unknown-linux-gnu
ignoring nonexistent directory "/include"
#include "..." search starts here:
#include <...> search starts here:
 /usr/lib64/clang/13.0.1/include
 /usr/local/include
 /bin/../lib64/gcc/x86_64-suse-linux/11/../../../../x86_64-suse-linux/include
 /usr/include
End of search list.
Linking C executable cmTC_b02c1
/usr/bin/cmake -E cmake_link_script CMakeFiles/cmTC_b02c1.dir/link.txt --verbose=1
/bin/clang-13.0.1  -v -rdynamic CMakeFiles/cmTC_b02c1.dir/CMakeCCompilerABI.c.o -o cmTC_b02c1 
clang version 13.0.1
Target: x86_64-unknown-linux-gnu
Thread model: posix
InstalledDir: /bin
Found candidate GCC installation: /bin/../lib64/gcc/x86_64-suse-linux/10
Found candidate GCC installation: /bin/../lib64/gcc/x86_64-suse-linux/11
Selected GCC installation: /bin/../lib64/gcc/x86_64-suse-linux/11
Candidate multilib: .;@m64
Selected multilib: .;@m64
 "/bin/ld" -export-dynamic -z relro --hash-style=gnu --hash-style=both --build-id --enable-new-dtags --eh-frame-hdr -m elf_x86_64 -export-dynamic -dynamic-linker /lib64/ld-linux-x86-64.so.2 -o cmTC_b02c1 /bin/../lib64/gcc/x86_64-suse-linux/11/../../../../lib64/crt1.o /bin/../lib64/gcc/x86_64-suse-linux/11/../../../../lib64/crti.o /bin/../lib64/gcc/x86_64-suse-linux/11/crtbegin.o -L/bin/../lib64/gcc/x86_64-suse-linux/11 -L/bin/../lib64/gcc/x86_64-suse-linux/11/../../../../lib64 -L/lib/../lib64 -L/usr/lib/../lib64 -L/bin/../lib64/gcc/x86_64-suse-linux/11/../../../../x86_64-suse-linux/lib -L/usr/bin/../lib -L/lib -L/usr/lib CMakeFiles/cmTC_b02c1.dir/CMakeCCompilerABI.c.o -lgcc --as-needed -lgcc_s --no-as-needed -lc -lgcc --as-needed -lgcc_s --no-as-needed /bin/../lib64/gcc/x86_64-suse-linux/11/crtend.o /bin/../lib64/gcc/x86_64-suse-linux/11/../../../../lib64/crtn.o
gmake[1]: Leaving directory '/home/theam/development/projects/cpp/modbus_ex/build/CMakeFiles/CMakeTmp'



Parsed C implicit include dir info from above output: rv=done
  found start of include info
  found start of implicit include info
    add: [/usr/lib64/clang/13.0.1/include]
    add: [/usr/local/include]
    add: [/bin/../lib64/gcc/x86_64-suse-linux/11/../../../../x86_64-suse-linux/include]
    add: [/usr/include]
  end of search list found
  collapse include dir [/usr/lib64/clang/13.0.1/include] ==> [/usr/lib64/clang/13.0.1/include]
  collapse include dir [/usr/local/include] ==> [/usr/local/include]
  collapse include dir [/bin/../lib64/gcc/x86_64-suse-linux/11/../../../../x86_64-suse-linux/include] ==> [/x86_64-suse-linux/include]
  collapse include dir [/usr/include] ==> [/usr/include]
  implicit include dirs: [/usr/lib64/clang/13.0.1/include;/usr/local/include;/x86_64-suse-linux/include;/usr/include]


Parsed C implicit link information from above output:
  link line regex: [^( *|.*[/\])(ld|CMAKE_LINK_STARTFILE-NOTFOUND|([^/\]+-)?ld|collect2)[^/\]*( |$)]
  ignore line: [Change Dir: /home/theam/development/projects/cpp/modbus_ex/build/CMakeFiles/CMakeTmp]
  ignore line: []
  ignore line: [Run Build Command(s):/usr/bin/gmake -f Makefile cmTC_b02c1/fast && /usr/bin/gmake  -f CMakeFiles/cmTC_b02c1.dir/build.make CMakeFiles/cmTC_b02c1.dir/build]
  ignore line: [gmake[1]: Entering directory '/home/theam/development/projects/cpp/modbus_ex/build/CMakeFiles/CMakeTmp']
  ignore line: [Building C object CMakeFiles/cmTC_b02c1.dir/CMakeCCompilerABI.c.o]
  ignore line: [/bin/clang-13.0.1   -v -MD -MT CMakeFiles/cmTC_b02c1.dir/CMakeCCompilerABI.c.o -MF CMakeFiles/cmTC_b02c1.dir/CMakeCCompilerABI.c.o.d -o CMakeFiles/cmTC_b02c1.dir/CMakeCCompilerABI.c.o -c /usr/share/cmake/Modules/CMakeCCompilerABI.c]
  ignore line: [clang version 13.0.1]
  ignore line: [Target: x86_64-unknown-linux-gnu]
  ignore line: [Thread model: posix]
  ignore line: [InstalledDir: /bin]
  ignore line: [Found candidate GCC installation: /bin/../lib64/gcc/x86_64-suse-linux/10]
  ignore line: [Found candidate GCC installation: /bin/../lib64/gcc/x86_64-suse-linux/11]
  ignore line: [Selected GCC installation: /bin/../lib64/gcc/x86_64-suse-linux/11]
  ignore line: [Candidate multilib: .]
  ignore line: [@m64]
  ignore line: [Selected multilib: .]
  ignore line: [@m64]
  ignore line: [ (in-process)]
  ignore line: [ "/usr/bin/clang-13.0.1" -cc1 -triple x86_64-unknown-linux-gnu -emit-obj -mrelax-all --mrelax-relocations -disable-free -disable-llvm-verifier -discard-value-names -main-file-name CMakeCCompilerABI.c -mrelocation-model static -mframe-pointer=all -fmath-errno -fno-rounding-math -mconstructor-aliases -munwind-tables -target-cpu x86-64 -tune-cpu generic -debugger-tuning=gdb -v -fcoverage-compilation-dir=/home/theam/development/projects/cpp/modbus_ex/build/CMakeFiles/CMakeTmp -resource-dir /usr/lib64/clang/13.0.1 -dependency-file CMakeFiles/cmTC_b02c1.dir/CMakeCCompilerABI.c.o.d -MT CMakeFiles/cmTC_b02c1.dir/CMakeCCompilerABI.c.o -sys-header-deps -internal-isystem /usr/lib64/clang/13.0.1/include -internal-isystem /usr/local/include -internal-isystem /bin/../lib64/gcc/x86_64-suse-linux/11/../../../../x86_64-suse-linux/include -internal-externc-isystem /include -internal-externc-isystem /usr/include -fdebug-compilation-dir=/home/theam/development/projects/cpp/modbus_ex/build/CMakeFiles/CMakeTmp -ferror-limit 19 -fgnuc-version=4.2.1 -faddrsig -D__GCC_HAVE_DWARF2_CFI_ASM=1 -o CMakeFiles/cmTC_b02c1.dir/CMakeCCompilerABI.c.o -x c /usr/share/cmake/Modules/CMakeCCompilerABI.c]
  ignore line: [clang -cc1 version 13.0.1 based upon LLVM 13.0.1 default target x86_64-unknown-linux-gnu]
  ignore line: [ignoring nonexistent directory "/include"]
  ignore line: [#include "..." search starts here:]
  ignore line: [#include <...> search starts here:]
  ignore line: [ /usr/lib64/clang/13.0.1/include]
  ignore line: [ /usr/local/include]
  ignore line: [ /bin/../lib64/gcc/x86_64-suse-linux/11/../../../../x86_64-suse-linux/include]
  ignore line: [ /usr/include]
  ignore line: [End of search list.]
  ignore line: [Linking C executable cmTC_b02c1]
  ignore line: [/usr/bin/cmake -E cmake_link_script CMakeFiles/cmTC_b02c1.dir/link.txt --verbose=1]
  ignore line: [/bin/clang-13.0.1  -v -rdynamic CMakeFiles/cmTC_b02c1.dir/CMakeCCompilerABI.c.o -o cmTC_b02c1 ]
  ignore line: [clang version 13.0.1]
  ignore line: [Target: x86_64-unknown-linux-gnu]
  ignore line: [Thread model: posix]
  ignore line: [InstalledDir: /bin]
  ignore line: [Found candidate GCC installation: /bin/../lib64/gcc/x86_64-suse-linux/10]
  ignore line: [Found candidate GCC installation: /bin/../lib64/gcc/x86_64-suse-linux/11]
  ignore line: [Selected GCC installation: /bin/../lib64/gcc/x86_64-suse-linux/11]
  ignore line: [Candidate multilib: .]
  ignore line: [@m64]
  ignore line: [Selected multilib: .]
  ignore line: [@m64]
  link line: [ "/bin/ld" -export-dynamic -z relro --hash-style=gnu --hash-style=both --build-id --enable-new-dtags --eh-frame-hdr -m elf_x86_64 -export-dynamic -dynamic-linker /lib64/ld-linux-x86-64.so.2 -o cmTC_b02c1 /bin/../lib64/gcc/x86_64-suse-linux/11/../../../../lib64/crt1.o /bin/../lib64/gcc/x86_64-suse-linux/11/../../../../lib64/crti.o /bin/../lib64/gcc/x86_64-suse-linux/11/crtbegin.o -L/bin/../lib64/gcc/x86_64-suse-linux/11 -L/bin/../lib64/gcc/x86_64-suse-linux/11/../../../../lib64 -L/lib/../lib64 -L/usr/lib/../lib64 -L/bin/../lib64/gcc/x86_64-suse-linux/11/../../../../x86_64-suse-linux/lib -L/usr/bin/../lib -L/lib -L/usr/lib CMakeFiles/cmTC_b02c1.dir/CMakeCCompilerABI.c.o -lgcc --as-needed -lgcc_s --no-as-needed -lc -lgcc --as-needed -lgcc_s --no-as-needed /bin/../lib64/gcc/x86_64-suse-linux/11/crtend.o /bin/../lib64/gcc/x86_64-suse-linux/11/../../../../lib64/crtn.o]
    arg [/bin/ld] ==> ignore
    arg [-export-dynamic] ==> ignore
    arg [-zrelro] ==> ignore
    arg [--hash-style=gnu] ==> ignore
    arg [--hash-style=both] ==> ignore
    arg [--build-id] ==> ignore
    arg [--enable-new-dtags] ==> ignore
    arg [--eh-frame-hdr] ==> ignore
    arg [-m] ==> ignore
    arg [elf_x86_64] ==> ignore
    arg [-export-dynamic] ==> ignore
    arg [-dynamic-linker] ==> ignore
    arg [/lib64/ld-linux-x86-64.so.2] ==> ignore
    arg [-o] ==> ignore
    arg [cmTC_b02c1] ==> ignore
    arg [/bin/../lib64/gcc/x86_64-suse-linux/11/../../../../lib64/crt1.o] ==> obj [/bin/../lib64/gcc/x86_64-suse-linux/11/../../../../lib64/crt1.o]
    arg [/bin/../lib64/gcc/x86_64-suse-linux/11/../../../../lib64/crti.o] ==> obj [/bin/../lib64/gcc/x86_64-suse-linux/11/../../../../lib64/crti.o]
    arg [/bin/../lib64/gcc/x86_64-suse-linux/11/crtbegin.o] ==> obj [/bin/../lib64/gcc/x86_64-suse-linux/11/crtbegin.o]
    arg [-L/bin/../lib64/gcc/x86_64-suse-linux/11] ==> dir [/bin/../lib64/gcc/x86_64-suse-linux/11]
    arg [-L/bin/../lib64/gcc/x86_64-suse-linux/11/../../../../lib64] ==> dir [/bin/../lib64/gcc/x86_64-suse-linux/11/../../../../lib64]
    arg [-L/lib/../lib64] ==> dir [/lib/../lib64]
    arg [-L/usr/lib/../lib64] ==> dir [/usr/lib/../lib64]
    arg [-L/bin/../lib64/gcc/x86_64-suse-linux/11/../../../../x86_64-suse-linux/lib] ==> dir [/bin/../lib64/gcc/x86_64-suse-linux/11/../../../../x86_64-suse-linux/lib]
    arg [-L/usr/bin/../lib] ==> dir [/usr/bin/../lib]
    arg [-L/lib] ==> dir [/lib]
    arg [-L/usr/lib] ==> dir [/usr/lib]
    arg [CMakeFiles/cmTC_b02c1.dir/CMakeCCompilerABI.c.o] ==> ignore
    arg [-lgcc] ==> lib [gcc]
    arg [--as-needed] ==> ignore
    arg [-lgcc_s] ==> lib [gcc_s]
    arg [--no-as-needed] ==> ignore
    arg [-lc] ==> lib [c]
    arg [-lgcc] ==> lib [gcc]
    arg [--as-needed] ==> ignore
    arg [-lgcc_s] ==> lib [gcc_s]
    arg [--no-as-needed] ==> ignore
    arg [/bin/../lib64/gcc/x86_64-suse-linux/11/crtend.o] ==> obj [/bin/../lib64/gcc/x86_64-suse-linux/11/crtend.o]
    arg [/bin/../lib64/gcc/x86_64-suse-linux/11/../../../../lib64/crtn.o] ==> obj [/bin/../lib64/gcc/x86_64-suse-linux/11/../../../../lib64/crtn.o]
  collapse obj [/bin/../lib64/gcc/x86_64-suse-linux/11/../../../../lib64/crt1.o] ==> [/lib64/crt1.o]
  collapse obj [/bin/../lib64/gcc/x86_64-suse-linux/11/../../../../lib64/crti.o] ==> [/lib64/crti.o]
  collapse obj [/bin/../lib64/gcc/x86_64-suse-linux/11/crtbegin.o] ==> [/lib64/gcc/x86_64-suse-linux/11/crtbegin.o]
  collapse obj [/bin/../lib64/gcc/x86_64-suse-linux/11/crtend.o] ==> [/lib64/gcc/x86_64-suse-linux/11/crtend.o]
  collapse obj [/bin/../lib64/gcc/x86_64-suse-linux/11/../../../../lib64/crtn.o] ==> [/lib64/crtn.o]
  collapse library dir [/bin/../lib64/gcc/x86_64-suse-linux/11] ==> [/lib64/gcc/x86_64-suse-linux/11]
  collapse library dir [/bin/../lib64/gcc/x86_64-suse-linux/11/../../../../lib64] ==> [/lib64]
  collapse library dir [/lib/../lib64] ==> [/lib64]
  collapse library dir [/usr/lib/../lib64] ==> [/usr/lib64]
  collapse library dir [/bin/../lib64/gcc/x86_64-suse-linux/11/../../../../x86_64-suse-linux/lib] ==> [/x86_64-suse-linux/lib]
  collapse library dir [/usr/bin/../lib] ==> [/usr/lib]
  collapse library dir [/lib] ==> [/lib]
  collapse library dir [/usr/lib] ==> [/usr/lib]
  implicit libs: [gcc;gcc_s;c;gcc;gcc_s]
  implicit objs: [/lib64/crt1.o;/lib64/crti.o;/lib64/gcc/x86_64-suse-linux/11/crtbegin.o;/lib64/gcc/x86_64-suse-linux/11/crtend.o;/lib64/crtn.o]
  implicit dirs: [/lib64/gcc/x86_64-suse-linux/11;/lib64;/usr/lib64;/x86_64-suse-linux/lib;/usr/lib;/lib]
  implicit fwks: []


Detecting CXX compiler ABI info compiled with the following output:
Change Dir: /home/theam/development/projects/cpp/modbus_ex/build/CMakeFiles/CMakeTmp

Run Build Command(s):/usr/bin/gmake -f Makefile cmTC_c373c/fast && /usr/bin/gmake  -f CMakeFiles/cmTC_c373c.dir/build.make CMakeFiles/cmTC_c373c.dir/build
gmake[1]: Entering directory '/home/theam/development/projects/cpp/modbus_ex/build/CMakeFiles/CMakeTmp'
Building CXX object CMakeFiles/cmTC_c373c.dir/CMakeCXXCompilerABI.cpp.o
/bin/clang++-13.0.1   -v -MD -MT CMakeFiles/cmTC_c373c.dir/CMakeCXXCompilerABI.cpp.o -MF CMakeFiles/cmTC_c373c.dir/CMakeCXXCompilerABI.cpp.o.d -o CMakeFiles/cmTC_c373c.dir/CMakeCXXCompilerABI.cpp.o -c /usr/share/cmake/Modules/CMakeCXXCompilerABI.cpp
clang version 13.0.1
Target: x86_64-unknown-linux-gnu
Thread model: posix
InstalledDir: /bin
Found candidate GCC installation: /bin/../lib64/gcc/x86_64-suse-linux/10
Found candidate GCC installation: /bin/../lib64/gcc/x86_64-suse-linux/11
Selected GCC installation: /bin/../lib64/gcc/x86_64-suse-linux/11
Candidate multilib: .;@m64
Selected multilib: .;@m64
 (in-process)
 "/usr/bin/clang-13.0.1" -cc1 -triple x86_64-unknown-linux-gnu -emit-obj -mrelax-all --mrelax-relocations -disable-free -disable-llvm-verifier -discard-value-names -main-file-name CMakeCXXCompilerABI.cpp -mrelocation-model static -mframe-pointer=all -fmath-errno -fno-rounding-math -mconstructor-aliases -munwind-tables -target-cpu x86-64 -tune-cpu generic -debugger-tuning=gdb -v -fcoverage-compilation-dir=/home/theam/development/projects/cpp/modbus_ex/build/CMakeFiles/CMakeTmp -resource-dir /usr/lib64/clang/13.0.1 -dependency-file CMakeFiles/cmTC_c373c.dir/CMakeCXXCompilerABI.cpp.o.d -MT CMakeFiles/cmTC_c373c.dir/CMakeCXXCompilerABI.cpp.o -sys-header-deps -internal-isystem /bin/../lib64/gcc/x86_64-suse-linux/11/../../../../include/c++/11 -internal-isystem /bin/../lib64/gcc/x86_64-suse-linux/11/../../../../include/c++/11/x86_64-suse-linux -internal-isystem /bin/../lib64/gcc/x86_64-suse-linux/11/../../../../include/c++/11/backward -internal-isystem /usr/lib64/clang/13.0.1/include -internal-isystem /usr/local/include -internal-isystem /bin/../lib64/gcc/x86_64-suse-linux/11/../../../../x86_64-suse-linux/include -internal-externc-isystem /include -internal-externc-isystem /usr/include -fdeprecated-macro -fdebug-compilation-dir=/home/theam/development/projects/cpp/modbus_ex/build/CMakeFiles/CMakeTmp -ferror-limit 19 -fgnuc-version=4.2.1 -fcxx-exceptions -fexceptions -faddrsig -D__GCC_HAVE_DWARF2_CFI_ASM=1 -o CMakeFiles/cmTC_c373c.dir/CMakeCXXCompilerABI.cpp.o -x c++ /usr/share/cmake/Modules/CMakeCXXCompilerABI.cpp
clang -cc1 version 13.0.1 based upon LLVM 13.0.1 default target x86_64-unknown-linux-gnu
ignoring nonexistent directory "/include"
#include "..." search starts here:
#include <...> search starts here:
 /bin/../lib64/gcc/x86_64-suse-linux/11/../../../../include/c++/11
 /bin/../lib64/gcc/x86_64-suse-linux/11/../../../../include/c++/11/x86_64-suse-linux
 /bin/../lib64/gcc/x86_64-suse-linux/11/../../../../include/c++/11/backward
 /usr/lib64/clang/13.0.1/include
 /usr/local/include
 /bin/../lib64/gcc/x86_64-suse-linux/11/../../../../x86_64-suse-linux/include
 /usr/include
End of search list.
Linking CXX executable cmTC_c373c
/usr/bin/cmake -E cmake_link_script CMakeFiles/cmTC_c373c.dir/link.txt --verbose=1
/bin/clang++-13.0.1  -v -rdynamic CMakeFiles/cmTC_c373c.dir/CMakeCXXCompilerABI.cpp.o -o cmTC_c373c 
clang version 13.0.1
Target: x86_64-unknown-linux-gnu
Thread model: posix
InstalledDir: /bin
Found candidate GCC installation: /bin/../lib64/gcc/x86_64-suse-linux/10
Found candidate GCC installation: /bin/../lib64/gcc/x86_64-suse-linux/11
Selected GCC installation: /bin/../lib64/gcc/x86_64-suse-linux/11
Candidate multilib: .;@m64
Selected multilib: .;@m64
 "/bin/ld" -export-dynamic -z relro --hash-style=gnu --hash-style=both --build-id --enable-new-dtags --eh-frame-hdr -m elf_x86_64 -export-dynamic -dynamic-linker /lib64/ld-linux-x86-64.so.2 -o cmTC_c373c /bin/../lib64/gcc/x86_64-suse-linux/11/../../../../lib64/crt1.o /bin/../lib64/gcc/x86_64-suse-linux/11/../../../../lib64/crti.o /bin/../lib64/gcc/x86_64-suse-linux/11/crtbegin.o -L/bin/../lib64/gcc/x86_64-suse-linux/11 -L/bin/../lib64/gcc/x86_64-suse-linux/11/../../../../lib64 -L/lib/../lib64 -L/usr/lib/../lib64 -L/bin/../lib64/gcc/x86_64-suse-linux/11/../../../../x86_64-suse-linux/lib -L/usr/bin/../lib -L/lib -L/usr/lib CMakeFiles/cmTC_c373c.dir/CMakeCXXCompilerABI.cpp.o -lstdc++ -lm -lgcc_s -lgcc -lc -lgcc_s -lgcc /bin/../lib64/gcc/x86_64-suse-linux/11/crtend.o /bin/../lib64/gcc/x86_64-suse-linux/11/../../../../lib64/crtn.o
gmake[1]: Leaving directory '/home/theam/development/projects/cpp/modbus_ex/build/CMakeFiles/CMakeTmp'



Parsed CXX implicit include dir info from above output: rv=done
  found start of include info
  found start of implicit include info
    add: [/bin/../lib64/gcc/x86_64-suse-linux/11/../../../../include/c++/11]
    add: [/bin/../lib64/gcc/x86_64-suse-linux/11/../../../../include/c++/11/x86_64-suse-linux]
    add: [/bin/../lib64/gcc/x86_64-suse-linux/11/../../../../include/c++/11/backward]
    add: [/usr/lib64/clang/13.0.1/include]
    add: [/usr/local/include]
    add: [/bin/../lib64/gcc/x86_64-suse-linux/11/../../../../x86_64-suse-linux/include]
    add: [/usr/include]
  end of search list found
  collapse include dir [/bin/../lib64/gcc/x86_64-suse-linux/11/../../../../include/c++/11] ==> [/include/c++/11]
  collapse include dir [/bin/../lib64/gcc/x86_64-suse-linux/11/../../../../include/c++/11/x86_64-suse-linux] ==> [/include/c++/11/x86_64-suse-linux]
  collapse include dir [/bin/../lib64/gcc/x86_64-suse-linux/11/../../../../include/c++/11/backward] ==> [/include/c++/11/backward]
  collapse include dir [/usr/lib64/clang/13.0.1/include] ==> [/usr/lib64/clang/13.0.1/include]
  collapse include dir [/usr/local/include] ==> [/usr/local/include]
  collapse include dir [/bin/../lib64/gcc/x86_64-suse-linux/11/../../../../x86_64-suse-linux/include] ==> [/x86_64-suse-linux/include]
  collapse include dir [/usr/include] ==> [/usr/include]
  implicit include dirs: [/include/c++/11;/include/c++/11/x86_64-suse-linux;/include/c++/11/backward;/usr/lib64/clang/13.0.1/include;/usr/local/include;/x86_64-suse-linux/include;/usr/include]


Parsed CXX implicit link information from above output:
  link line regex: [^( *|.*[/\])(ld|CMAKE_LINK_STARTFILE-NOTFOUND|([^/\]+-)?ld|collect2)[^/\]*( |$)]
  ignore line: [Change Dir: /home/theam/development/projects/cpp/modbus_ex/build/CMakeFiles/CMakeTmp]
  ignore line: []
  ignore line: [Run Build Command(s):/usr/bin/gmake -f Makefile cmTC_c373c/fast && /usr/bin/gmake  -f CMakeFiles/cmTC_c373c.dir/build.make CMakeFiles/cmTC_c373c.dir/build]
  ignore line: [gmake[1]: Entering directory '/home/theam/development/projects/cpp/modbus_ex/build/CMakeFiles/CMakeTmp']
  ignore line: [Building CXX object CMakeFiles/cmTC_c373c.dir/CMakeCXXCompilerABI.cpp.o]
  ignore line: [/bin/clang++-13.0.1   -v -MD -MT CMakeFiles/cmTC_c373c.dir/CMakeCXXCompilerABI.cpp.o -MF CMakeFiles/cmTC_c373c.dir/CMakeCXXCompilerABI.cpp.o.d -o CMakeFiles/cmTC_c373c.dir/CMakeCXXCompilerABI.cpp.o -c /usr/share/cmake/Modules/CMakeCXXCompilerABI.cpp]
  ignore line: [clang version 13.0.1]
  ignore line: [Target: x86_64-unknown-linux-gnu]
  ignore line: [Thread model: posix]
  ignore line: [InstalledDir: /bin]
  ignore line: [Found candidate GCC installation: /bin/../lib64/gcc/x86_64-suse-linux/10]
  ignore line: [Found candidate GCC installation: /bin/../lib64/gcc/x86_64-suse-linux/11]
  ignore line: [Selected GCC installation: /bin/../lib64/gcc/x86_64-suse-linux/11]
  ignore line: [Candidate multilib: .]
  ignore line: [@m64]
  ignore line: [Selected multilib: .]
  ignore line: [@m64]
  ignore line: [ (in-process)]
  ignore line: [ "/usr/bin/clang-13.0.1" -cc1 -triple x86_64-unknown-linux-gnu -emit-obj -mrelax-all --mrelax-relocations -disable-free -disable-llvm-verifier -discard-value-names -main-file-name CMakeCXXCompilerABI.cpp -mrelocation-model static -mframe-pointer=all -fmath-errno -fno-rounding-math -mconstructor-aliases -munwind-tables -target-cpu x86-64 -tune-cpu generic -debugger-tuning=gdb -v -fcoverage-compilation-dir=/home/theam/development/projects/cpp/modbus_ex/build/CMakeFiles/CMakeTmp -resource-dir /usr/lib64/clang/13.0.1 -dependency-file CMakeFiles/cmTC_c373c.dir/CMakeCXXCompilerABI.cpp.o.d -MT CMakeFiles/cmTC_c373c.dir/CMakeCXXCompilerABI.cpp.o -sys-header-deps -internal-isystem /bin/../lib64/gcc/x86_64-suse-linux/11/../../../../include/c++/11 -internal-isystem /bin/../lib64/gcc/x86_64-suse-linux/11/../../../../include/c++/11/x86_64-suse-linux -internal-isystem /bin/../lib64/gcc/x86_64-suse-linux/11/../../../../include/c++/11/backward -internal-isystem /usr/lib64/clang/13.0.1/include -internal-isystem /usr/local/include -internal-isystem /bin/../lib64/gcc/x86_64-suse-linux/11/../../../../x86_64-suse-linux/include -internal-externc-isystem /include -internal-externc-isystem /usr/include -fdeprecated-macro -fdebug-compilation-dir=/home/theam/development/projects/cpp/modbus_ex/build/CMakeFiles/CMakeTmp -ferror-limit 19 -fgnuc-version=4.2.1 -fcxx-exceptions -fexceptions -faddrsig -D__GCC_HAVE_DWARF2_CFI_ASM=1 -o CMakeFiles/cmTC_c373c.dir/CMakeCXXCompilerABI.cpp.o -x c++ /usr/share/cmake/Modules/CMakeCXXCompilerABI.cpp]
  ignore line: [clang -cc1 version 13.0.1 based upon LLVM 13.0.1 default target x86_64-unknown-linux-gnu]
  ignore line: [ignoring nonexistent directory "/include"]
  ignore line: [#include "..." search starts here:]
  ignore line: [#include <...> search starts here:]
  ignore line: [ /bin/../lib64/gcc/x86_64-suse-linux/11/../../../../include/c++/11]
  ignore line: [ /bin/../lib64/gcc/x86_64-suse-linux/11/../../../../include/c++/11/x86_64-suse-linux]
  ignore line: [ /bin/../lib64/gcc/x86_64-suse-linux/11/../../../../include/c++/11/backward]
  ignore line: [ /usr/lib64/clang/13.0.1/include]
  ignore line: [ /usr/local/include]
  ignore line: [ /bin/../lib64/gcc/x86_64-suse-linux/11/../../../../x86_64-suse-linux/include]
  ignore line: [ /usr/include]
  ignore line: [End of search list.]
  ignore line: [Linking CXX executable cmTC_c373c]
  ignore line: [/usr/bin/cmake -E cmake_link_script CMakeFiles/cmTC_c373c.dir/link.txt --verbose=1]
  ignore line: [/bin/clang++-13.0.1  -v -rdynamic CMakeFiles/cmTC_c373c.dir/CMakeCXXCompilerABI.cpp.o -o cmTC_c373c ]
  ignore line: [clang version 13.0.1]
  ignore line: [Target: x86_64-unknown-linux-gnu]
  ignore line: [Thread model: posix]
  ignore line: [InstalledDir: /bin]
  ignore line: [Found candidate GCC installation: /bin/../lib64/gcc/x86_64-suse-linux/10]
  ignore line: [Found candidate GCC installation: /bin/../lib64/gcc/x86_64-suse-linux/11]
  ignore line: [Selected GCC installation: /bin/../lib64/gcc/x86_64-suse-linux/11]
  ignore line: [Candidate multilib: .]
  ignore line: [@m64]
  ignore line: [Selected multilib: .]
  ignore line: [@m64]
  link line: [ "/bin/ld" -export-dynamic -z relro --hash-style=gnu --hash-style=both --build-id --enable-new-dtags --eh-frame-hdr -m elf_x86_64 -export-dynamic -dynamic-linker /lib64/ld-linux-x86-64.so.2 -o cmTC_c373c /bin/../lib64/gcc/x86_64-suse-linux/11/../../../../lib64/crt1.o /bin/../lib64/gcc/x86_64-suse-linux/11/../../../../lib64/crti.o /bin/../lib64/gcc/x86_64-suse-linux/11/crtbegin.o -L/bin/../lib64/gcc/x86_64-suse-linux/11 -L/bin/../lib64/gcc/x86_64-suse-linux/11/../../../../lib64 -L/lib/../lib64 -L/usr/lib/../lib64 -L/bin/../lib64/gcc/x86_64-suse-linux/11/../../../../x86_64-suse-linux/lib -L/usr/bin/../lib -L/lib -L/usr/lib CMakeFiles/cmTC_c373c.dir/CMakeCXXCompilerABI.cpp.o -lstdc++ -lm -lgcc_s -lgcc -lc -lgcc_s -lgcc /bin/../lib64/gcc/x86_64-suse-linux/11/crtend.o /bin/../lib64/gcc/x86_64-suse-linux/11/../../../../lib64/crtn.o]
    arg [/bin/ld] ==> ignore
    arg [-export-dynamic] ==> ignore
    arg [-zrelro] ==> ignore
    arg [--hash-style=gnu] ==> ignore
    arg [--hash-style=both] ==> ignore
    arg [--build-id] ==> ignore
    arg [--enable-new-dtags] ==> ignore
    arg [--eh-frame-hdr] ==> ignore
    arg [-m] ==> ignore
    arg [elf_x86_64] ==> ignore
    arg [-export-dynamic] ==> ignore
    arg [-dynamic-linker] ==> ignore
    arg [/lib64/ld-linux-x86-64.so.2] ==> ignore
    arg [-o] ==> ignore
    arg [cmTC_c373c] ==> ignore
    arg [/bin/../lib64/gcc/x86_64-suse-linux/11/../../../../lib64/crt1.o] ==> obj [/bin/../lib64/gcc/x86_64-suse-linux/11/../../../../lib64/crt1.o]
    arg [/bin/../lib64/gcc/x86_64-suse-linux/11/../../../../lib64/crti.o] ==> obj [/bin/../lib64/gcc/x86_64-suse-linux/11/../../../../lib64/crti.o]
    arg [/bin/../lib64/gcc/x86_64-suse-linux/11/crtbegin.o] ==> obj [/bin/../lib64/gcc/x86_64-suse-linux/11/crtbegin.o]
    arg [-L/bin/../lib64/gcc/x86_64-suse-linux/11] ==> dir [/bin/../lib64/gcc/x86_64-suse-linux/11]
    arg [-L/bin/../lib64/gcc/x86_64-suse-linux/11/../../../../lib64] ==> dir [/bin/../lib64/gcc/x86_64-suse-linux/11/../../../../lib64]
    arg [-L/lib/../lib64] ==> dir [/lib/../lib64]
    arg [-L/usr/lib/../lib64] ==> dir [/usr/lib/../lib64]
    arg [-L/bin/../lib64/gcc/x86_64-suse-linux/11/../../../../x86_64-suse-linux/lib] ==> dir [/bin/../lib64/gcc/x86_64-suse-linux/11/../../../../x86_64-suse-linux/lib]
    arg [-L/usr/bin/../lib] ==> dir [/usr/bin/../lib]
    arg [-L/lib] ==> dir [/lib]
    arg [-L/usr/lib] ==> dir [/usr/lib]
    arg [CMakeFiles/cmTC_c373c.dir/CMakeCXXCompilerABI.cpp.o] ==> ignore
    arg [-lstdc++] ==> lib [stdc++]
    arg [-lm] ==> lib [m]
    arg [-lgcc_s] ==> lib [gcc_s]
    arg [-lgcc] ==> lib [gcc]
    arg [-lc] ==> lib [c]
    arg [-lgcc_s] ==> lib [gcc_s]
    arg [-lgcc] ==> lib [gcc]
    arg [/bin/../lib64/gcc/x86_64-suse-linux/11/crtend.o] ==> obj [/bin/../lib64/gcc/x86_64-suse-linux/11/crtend.o]
    arg [/bin/../lib64/gcc/x86_64-suse-linux/11/../../../../lib64/crtn.o] ==> obj [/bin/../lib64/gcc/x86_64-suse-linux/11/../../../../lib64/crtn.o]
  collapse obj [/bin/../lib64/gcc/x86_64-suse-linux/11/../../../../lib64/crt1.o] ==> [/lib64/crt1.o]
  collapse obj [/bin/../lib64/gcc/x86_64-suse-linux/11/../../../../lib64/crti.o] ==> [/lib64/crti.o]
  collapse obj [/bin/../lib64/gcc/x86_64-suse-linux/11/crtbegin.o] ==> [/lib64/gcc/x86_64-suse-linux/11/crtbegin.o]
  collapse obj [/bin/../lib64/gcc/x86_64-suse-linux/11/crtend.o] ==> [/lib64/gcc/x86_64-suse-linux/11/crtend.o]
  collapse obj [/bin/../lib64/gcc/x86_64-suse-linux/11/../../../../lib64/crtn.o] ==> [/lib64/crtn.o]
  collapse library dir [/bin/../lib64/gcc/x86_64-suse-linux/11] ==> [/lib64/gcc/x86_64-suse-linux/11]
  collapse library dir [/bin/../lib64/gcc/x86_64-suse-linux/11/../../../../lib64] ==> [/lib64]
  collapse library dir [/lib/../lib64] ==> [/lib64]
  collapse library dir [/usr/lib/../lib64] ==> [/usr/lib64]
  collapse library dir [/bin/../lib64/gcc/x86_64-suse-linux/11/../../../../x86_64-suse-linux/lib] ==> [/x86_64-suse-linux/lib]
  collapse library dir [/usr/bin/../lib] ==> [/usr/lib]
  collapse library dir [/lib] ==> [/lib]
  collapse library dir [/usr/lib] ==> [/usr/lib]
  implicit libs: [stdc++;m;gcc_s;gcc;c;gcc_s;gcc]
  implicit objs: [/lib64/crt1.o;/lib64/crti.o;/lib64/gcc/x86_64-suse-linux/11/crtbegin.o;/lib64/gcc/x86_64-suse-linux/11/crtend.o;/lib64/crtn.o]
  implicit dirs: [/lib64/gcc/x86_64-suse-linux/11;/lib64;/usr/lib64;/x86_64-suse-linux/lib;/usr/lib;/lib]
  implicit fwks: []


The system is: Linux - 6.1.8-1-default - x86_64
Compiling the C compiler identification source file "CMakeCCompilerId.c" succeeded.
Compiler: /bin/clang-13.0.1 
Build flags: 
Id flags:  

The output was:
0


Compilation of the C compiler identification source "CMakeCCompilerId.c" produced "a.out"

The C compiler identification is Clang, found in "/home/theam/development/projects/cpp/modbus_ex/build/CMakeFiles/3.25.2/CompilerIdC/a.out"

Compiling the CXX compiler identification source file "CMakeCXXCompilerId.cpp" succeeded.
Compiler: /bin/clang++-13.0.1 
Build flags: 
Id flags:  

The output was:
0


Compilation of the CXX compiler identification source "CMakeCXXCompilerId.cpp" produced "a.out"

The CXX compiler identification is Clang, found in "/home/theam/development/projects/cpp/modbus_ex/build/CMakeFiles/3.25.2/CompilerIdCXX/a.out"

Detecting C compiler ABI info compiled with the following output:
Change Dir: /home/theam/development/projects/cpp/modbus_ex/build/CMakeFiles/CMakeScratch/TryCompile-XOsJXC

Run Build Command(s):/usr/bin/gmake -f Makefile cmTC_4d421/fast && /usr/bin/gmake  -f CMakeFiles/cmTC_4d421.dir/build.make CMakeFiles/cmTC_4d421.dir/build
gmake[1]: Entering directory '/home/theam/development/projects/cpp/modbus_ex/build/CMakeFiles/CMakeScratch/TryCompile-XOsJXC'
Building C object CMakeFiles/cmTC_4d421.dir/CMakeCCompilerABI.c.o
/bin/clang-13.0.1   -v -MD -MT CMakeFiles/cmTC_4d421.dir/CMakeCCompilerABI.c.o -MF CMakeFiles/cmTC_4d421.dir/CMakeCCompilerABI.c.o.d -o CMakeFiles/cmTC_4d421.dir/CMakeCCompilerABI.c.o -c /usr/share/cmake/Modules/CMakeCCompilerABI.c
clang version 13.0.1
Target: x86_64-suse-linux-gnu
Thread model: posix
InstalledDir: /bin
Found candidate GCC installation: /bin/../lib64/gcc/x86_64-suse-linux/11
Found candidate GCC installation: /bin/../lib64/gcc/x86_64-suse-linux/12
Selected GCC installation: /bin/../lib64/gcc/x86_64-suse-linux/12
Candidate multilib: .;@m64
Selected multilib: .;@m64
 (in-process)
 "/usr/bin/clang-13.0.1" -cc1 -triple x86_64-suse-linux-gnu -emit-obj -mrelax-all --mrelax-relocations -disable-free -disable-llvm-verifier -discard-value-names -main-file-name CMakeCCompilerABI.c -mrelocation-model static -mframe-pointer=all -fmath-errno -fno-rounding-math -mconstructor-aliases -munwind-tables -target-cpu x86-64 -tune-cpu generic -debugger-tuning=gdb -v -fcoverage-compilation-dir=/home/theam/development/projects/cpp/modbus_ex/build/CMakeFiles/CMakeScratch/TryCompile-XOsJXC -resource-dir /usr/lib64/clang/13.0.1 -dependency-file CMakeFiles/cmTC_4d421.dir/CMakeCCompilerABI.c.o.d -MT CMakeFiles/cmTC_4d421.dir/CMakeCCompilerABI.c.o -sys-header-deps -internal-isystem /usr/lib64/clang/13.0.1/include -internal-isystem /usr/local/include -internal-isystem /bin/../lib64/gcc/x86_64-suse-linux/12/../../../../x86_64-suse-linux/include -internal-externc-isystem /include -internal-externc-isystem /usr/include -fdebug-compilation-dir=/home/theam/development/projects/cpp/modbus_ex/build/CMakeFiles/CMakeScratch/TryCompile-XOsJXC -ferror-limit 19 -fgnuc-version=4.2.1 -faddrsig -D__GCC_HAVE_DWARF2_CFI_ASM=1 -o CMakeFiles/cmTC_4d421.dir/CMakeCCompilerABI.c.o -x c /usr/share/cmake/Modules/CMakeCCompilerABI.c
clang -cc1 version 13.0.1 based upon LLVM 13.0.1 default target x86_64-suse-linux-gnu
ignoring nonexistent directory "/include"
#include "..." search starts here:
#include <...> search starts here:
 /usr/lib64/clang/13.0.1/include
 /usr/local/include
 /bin/../lib64/gcc/x86_64-suse-linux/12/../../../../x86_64-suse-linux/include
 /usr/include
End of search list.
Linking C executable cmTC_4d421
/usr/bin/cmake -E cmake_link_script CMakeFiles/cmTC_4d421.dir/link.txt --verbose=1
/bin/clang-13.0.1  -v -rdynamic CMakeFiles/cmTC_4d421.dir/CMakeCCompilerABI.c.o -o cmTC_4d421 
clang version 13.0.1
Target: x86_64-suse-linux-gnu
Thread model: posix
InstalledDir: /bin
Found candidate GCC installation: /bin/../lib64/gcc/x86_64-suse-linux/11
Found candidate GCC installation: /bin/../lib64/gcc/x86_64-suse-linux/12
Selected GCC installation: /bin/../lib64/gcc/x86_64-suse-linux/12
Candidate multilib: .;@m64
Selected multilib: .;@m64
 "/bin/ld" -export-dynamic -z relro --hash-style=gnu --hash-style=both --build-id --enable-new-dtags --eh-frame-hdr -m elf_x86_64 -export-dynamic -dynamic-linker /lib64/ld-linux-x86-64.so.2 -o cmTC_4d421 /bin/../lib64/gcc/x86_64-suse-linux/12/../../../../lib64/crt1.o /bin/../lib64/gcc/x86_64-suse-linux/12/../../../../lib64/crti.o /bin/../lib64/gcc/x86_64-suse-linux/12/crtbegin.o -L/bin/../lib64/gcc/x86_64-suse-linux/12 -L/bin/../lib64/gcc/x86_64-suse-linux/12/../../../../lib64 -L/lib/../lib64 -L/usr/lib/../lib64 -L/bin/../lib64/gcc/x86_64-suse-linux/12/../../../../x86_64-suse-linux/lib -L/usr/bin/../lib -L/lib -L/usr/lib CMakeFiles/cmTC_4d421.dir/CMakeCCompilerABI.c.o -lgcc --as-needed -lgcc_s --no-as-needed -lc -lgcc --as-needed -lgcc_s --no-as-needed /bin/../lib64/gcc/x86_64-suse-linux/12/crtend.o /bin/../lib64/gcc/x86_64-suse-linux/12/../../../../lib64/crtn.o
gmake[1]: Leaving directory '/home/theam/development/projects/cpp/modbus_ex/build/CMakeFiles/CMakeScratch/TryCompile-XOsJXC'



Parsed C implicit include dir info from above output: rv=done
  found start of include info
  found start of implicit include info
    add: [/usr/lib64/clang/13.0.1/include]
    add: [/usr/local/include]
    add: [/bin/../lib64/gcc/x86_64-suse-linux/12/../../../../x86_64-suse-linux/include]
    add: [/usr/include]
  end of search list found
  collapse include dir [/usr/lib64/clang/13.0.1/include] ==> [/usr/lib64/clang/13.0.1/include]
  collapse include dir [/usr/local/include] ==> [/usr/local/include]
  collapse include dir [/bin/../lib64/gcc/x86_64-suse-linux/12/../../../../x86_64-suse-linux/include] ==> [/x86_64-suse-linux/include]
  collapse include dir [/usr/include] ==> [/usr/include]
  implicit include dirs: [/usr/lib64/clang/13.0.1/include;/usr/local/include;/x86_64-suse-linux/include;/usr/include]


Parsed C implicit link information from above output:
  link line regex: [^( *|.*[/\])(ld|CMAKE_LINK_STARTFILE-NOTFOUND|([^/\]+-)?ld|collect2)[^/\]*( |$)]
  ignore line: [Change Dir: /home/theam/development/projects/cpp/modbus_ex/build/CMakeFiles/CMakeScratch/TryCompile-XOsJXC]
  ignore line: []
  ignore line: [Run Build Command(s):/usr/bin/gmake -f Makefile cmTC_4d421/fast && /usr/bin/gmake  -f CMakeFiles/cmTC_4d421.dir/build.make CMakeFiles/cmTC_4d421.dir/build]
  ignore line: [gmake[1]: Entering directory '/home/theam/development/projects/cpp/modbus_ex/build/CMakeFiles/CMakeScratch/TryCompile-XOsJXC']
  ignore line: [Building C object CMakeFiles/cmTC_4d421.dir/CMakeCCompilerABI.c.o]
  ignore line: [/bin/clang-13.0.1   -v -MD -MT CMakeFiles/cmTC_4d421.dir/CMakeCCompilerABI.c.o -MF CMakeFiles/cmTC_4d421.dir/CMakeCCompilerABI.c.o.d -o CMakeFiles/cmTC_4d421.dir/CMakeCCompilerABI.c.o -c /usr/share/cmake/Modules/CMakeCCompilerABI.c]
  ignore line: [clang version 13.0.1]
  ignore line: [Target: x86_64-suse-linux-gnu]
  ignore line: [Thread model: posix]
  ignore line: [InstalledDir: /bin]
  ignore line: [Found candidate GCC installation: /bin/../lib64/gcc/x86_64-suse-linux/11]
  ignore line: [Found candidate GCC installation: /bin/../lib64/gcc/x86_64-suse-linux/12]
  ignore line: [Selected GCC installation: /bin/../lib64/gcc/x86_64-suse-linux/12]
  ignore line: [Candidate multilib: .]
  ignore line: [@m64]
  ignore line: [Selected multilib: .]
  ignore line: [@m64]
  ignore line: [ (in-process)]
  ignore line: [ "/usr/bin/clang-13.0.1" -cc1 -triple x86_64-suse-linux-gnu -emit-obj -mrelax-all --mrelax-relocations -disable-free -disable-llvm-verifier -discard-value-names -main-file-name CMakeCCompilerABI.c -mrelocation-model static -mframe-pointer=all -fmath-errno -fno-rounding-math -mconstructor-aliases -munwind-tables -target-cpu x86-64 -tune-cpu generic -debugger-tuning=gdb -v -fcoverage-compilation-dir=/home/theam/development/projects/cpp/modbus_ex/build/CMakeFiles/CMakeScratch/TryCompile-XOsJXC -resource-dir /usr/lib64/clang/13.0.1 -dependency-file CMakeFiles/cmTC_4d421.dir/CMakeCCompilerABI.c.o.d -MT CMakeFiles/cmTC_4d421.dir/CMakeCCompilerABI.c.o -sys-header-deps -internal-isystem /usr/lib64/clang/13.0.1/include -internal-isystem /usr/local/include -internal-isystem /bin/../lib64/gcc/x86_64-suse-linux/12/../../../../x86_64-suse-linux/include -internal-externc-isystem /include -internal-externc-isystem /usr/include -fdebug-compilation-dir=/home/theam/development/projects/cpp/modbus_ex/build/CMakeFiles/CMakeScratch/TryCompile-XOsJXC -ferror-limit 19 -fgnuc-version=4.2.1 -faddrsig -D__GCC_HAVE_DWARF2_CFI_ASM=1 -o CMakeFiles/cmTC_4d421.dir/CMakeCCompilerABI.c.o -x c /usr/share/cmake/Modules/CMakeCCompilerABI.c]
  ignore line: [clang -cc1 version 13.0.1 based upon LLVM 13.0.1 default target x86_64-suse-linux-gnu]
  ignore line: [ignoring nonexistent directory "/include"]
  ignore line: [#include "..." search starts here:]
  ignore line: [#include <...> search starts here:]
  ignore line: [ /usr/lib64/clang/13.0.1/include]
  ignore line: [ /usr/local/include]
  ignore line: [ /bin/../lib64/gcc/x86_64-suse-linux/12/../../../../x86_64-suse-linux/include]
  ignore line: [ /usr/include]
  ignore line: [End of search list.]
  ignore line: [Linking C executable cmTC_4d421]
  ignore line: [/usr/bin/cmake -E cmake_link_script CMakeFiles/cmTC_4d421.dir/link.txt --verbose=1]
  ignore line: [/bin/clang-13.0.1  -v -rdynamic CMakeFiles/cmTC_4d421.dir/CMakeCCompilerABI.c.o -o cmTC_4d421 ]
  ignore line: [clang version 13.0.1]
  ignore line: [Target: x86_64-suse-linux-gnu]
  ignore line: [Thread model: posix]
  ignore line: [InstalledDir: /bin]
  ignore line: [Found candidate GCC installation: /bin/../lib64/gcc/x86_64-suse-linux/11]
  ignore line: [Found candidate GCC installation: /bin/../lib64/gcc/x86_64-suse-linux/12]
  ignore line: [Selected GCC installation: /bin/../lib64/gcc/x86_64-suse-linux/12]
  ignore line: [Candidate multilib: .]
  ignore line: [@m64]
  ignore line: [Selected multilib: .]
  ignore line: [@m64]
  link line: [ "/bin/ld" -export-dynamic -z relro --hash-style=gnu --hash-style=both --build-id --enable-new-dtags --eh-frame-hdr -m elf_x86_64 -export-dynamic -dynamic-linker /lib64/ld-linux-x86-64.so.2 -o cmTC_4d421 /bin/../lib64/gcc/x86_64-suse-linux/12/../../../../lib64/crt1.o /bin/../lib64/gcc/x86_64-suse-linux/12/../../../../lib64/crti.o /bin/../lib64/gcc/x86_64-suse-linux/12/crtbegin.o -L/bin/../lib64/gcc/x86_64-suse-linux/12 -L/bin/../lib64/gcc/x86_64-suse-linux/12/../../../../lib64 -L/lib/../lib64 -L/usr/lib/../lib64 -L/bin/../lib64/gcc/x86_64-suse-linux/12/../../../../x86_64-suse-linux/lib -L/usr/bin/../lib -L/lib -L/usr/lib CMakeFiles/cmTC_4d421.dir/CMakeCCompilerABI.c.o -lgcc --as-needed -lgcc_s --no-as-needed -lc -lgcc --as-needed -lgcc_s --no-as-needed /bin/../lib64/gcc/x86_64-suse-linux/12/crtend.o /bin/../lib64/gcc/x86_64-suse-linux/12/../../../../lib64/crtn.o]
    arg [/bin/ld] ==> ignore
    arg [-export-dynamic] ==> ignore
    arg [-zrelro] ==> ignore
    arg [--hash-style=gnu] ==> ignore
    arg [--hash-style=both] ==> ignore
    arg [--build-id] ==> ignore
    arg [--enable-new-dtags] ==> ignore
    arg [--eh-frame-hdr] ==> ignore
    arg [-m] ==> ignore
    arg [elf_x86_64] ==> ignore
    arg [-export-dynamic] ==> ignore
    arg [-dynamic-linker] ==> ignore
    arg [/lib64/ld-linux-x86-64.so.2] ==> ignore
    arg [-o] ==> ignore
    arg [cmTC_4d421] ==> ignore
    arg [/bin/../lib64/gcc/x86_64-suse-linux/12/../../../../lib64/crt1.o] ==> obj [/bin/../lib64/gcc/x86_64-suse-linux/12/../../../../lib64/crt1.o]
    arg [/bin/../lib64/gcc/x86_64-suse-linux/12/../../../../lib64/crti.o] ==> obj [/bin/../lib64/gcc/x86_64-suse-linux/12/../../../../lib64/crti.o]
    arg [/bin/../lib64/gcc/x86_64-suse-linux/12/crtbegin.o] ==> obj [/bin/../lib64/gcc/x86_64-suse-linux/12/crtbegin.o]
    arg [-L/bin/../lib64/gcc/x86_64-suse-linux/12] ==> dir [/bin/../lib64/gcc/x86_64-suse-linux/12]
    arg [-L/bin/../lib64/gcc/x86_64-suse-linux/12/../../../../lib64] ==> dir [/bin/../lib64/gcc/x86_64-suse-linux/12/../../../../lib64]
    arg [-L/lib/../lib64] ==> dir [/lib/../lib64]
    arg [-L/usr/lib/../lib64] ==> dir [/usr/lib/../lib64]
    arg [-L/bin/../lib64/gcc/x86_64-suse-linux/12/../../../../x86_64-suse-linux/lib] ==> dir [/bin/../lib64/gcc/x86_64-suse-linux/12/../../../../x86_64-suse-linux/lib]
    arg [-L/usr/bin/../lib] ==> dir [/usr/bin/../lib]
    arg [-L/lib] ==> dir [/lib]
    arg [-L/usr/lib] ==> dir [/usr/lib]
    arg [CMakeFiles/cmTC_4d421.dir/CMakeCCompilerABI.c.o] ==> ignore
    arg [-lgcc] ==> lib [gcc]
    arg [--as-needed] ==> ignore
    arg [-lgcc_s] ==> lib [gcc_s]
    arg [--no-as-needed] ==> ignore
    arg [-lc] ==> lib [c]
    arg [-lgcc] ==> lib [gcc]
    arg [--as-needed] ==> ignore
    arg [-lgcc_s] ==> lib [gcc_s]
    arg [--no-as-needed] ==> ignore
    arg [/bin/../lib64/gcc/x86_64-suse-linux/12/crtend.o] ==> obj [/bin/../lib64/gcc/x86_64-suse-linux/12/crtend.o]
    arg [/bin/../lib64/gcc/x86_64-suse-linux/12/../../../../lib64/crtn.o] ==> obj [/bin/../lib64/gcc/x86_64-suse-linux/12/../../../../lib64/crtn.o]
  collapse obj [/bin/../lib64/gcc/x86_64-suse-linux/12/../../../../lib64/crt1.o] ==> [/lib64/crt1.o]
  collapse obj [/bin/../lib64/gcc/x86_64-suse-linux/12/../../../../lib64/crti.o] ==> [/lib64/crti.o]
  collapse obj [/bin/../lib64/gcc/x86_64-suse-linux/12/crtbegin.o] ==> [/lib64/gcc/x86_64-suse-linux/12/crtbegin.o]
  collapse obj [/bin/../lib64/gcc/x86_64-suse-linux/12/crtend.o] ==> [/lib64/gcc/x86_64-suse-linux/12/crtend.o]
  collapse obj [/bin/../lib64/gcc/x86_64-suse-linux/12/../../../../lib64/crtn.o] ==> [/lib64/crtn.o]
  collapse library dir [/bin/../lib64/gcc/x86_64-suse-linux/12] ==> [/lib64/gcc/x86_64-suse-linux/12]
  collapse library dir [/bin/../lib64/gcc/x86_64-suse-linux/12/../../../../lib64] ==> [/lib64]
  collapse library dir [/lib/../lib64] ==> [/lib64]
  collapse library dir [/usr/lib/../lib64] ==> [/usr/lib64]
  collapse library dir [/bin/../lib64/gcc/x86_64-suse-linux/12/../../../../x86_64-suse-linux/lib] ==> [/x86_64-suse-linux/lib]
  collapse library dir [/usr/bin/../lib] ==> [/usr/lib]
  collapse library dir [/lib] ==> [/lib]
  collapse library dir [/usr/lib] ==> [/usr/lib]
  implicit libs: [gcc;gcc_s;c;gcc;gcc_s]
  implicit objs: [/lib64/crt1.o;/lib64/crti.o;/lib64/gcc/x86_64-suse-linux/12/crtbegin.o;/lib64/gcc/x86_64-suse-linux/12/crtend.o;/lib64/crtn.o]
  implicit dirs: [/lib64/gcc/x86_64-suse-linux/12;/lib64;/usr/lib64;/x86_64-suse-linux/lib;/usr/lib;/lib]
  implicit fwks: []


Detecting CXX compiler ABI info compiled with the following output:
Change Dir: /home/theam/development/projects/cpp/modbus_ex/build/CMakeFiles/CMakeScratch/TryCompile-mDnJP2

Run Build Command(s):/usr/bin/gmake -f Makefile cmTC_efe3e/fast && /usr/bin/gmake  -f CMakeFiles/cmTC_efe3e.dir/build.make CMakeFiles/cmTC_efe3e.dir/build
gmake[1]: Entering directory '/home/theam/development/projects/cpp/modbus_ex/build/CMakeFiles/CMakeScratch/TryCompile-mDnJP2'
Building CXX object CMakeFiles/cmTC_efe3e.dir/CMakeCXXCompilerABI.cpp.o
/bin/clang++-13.0.1   -v -MD -MT CMakeFiles/cmTC_efe3e.dir/CMakeCXXCompilerABI.cpp.o -MF CMakeFiles/cmTC_efe3e.dir/CMakeCXXCompilerABI.cpp.o.d -o CMakeFiles/cmTC_efe3e.dir/CMakeCXXCompilerABI.cpp.o -c /usr/share/cmake/Modules/CMakeCXXCompilerABI.cpp
clang version 13.0.1
Target: x86_64-suse-linux-gnu
Thread model: posix
InstalledDir: /bin
Found candidate GCC installation: /bin/../lib64/gcc/x86_64-suse-linux/11
Found candidate GCC installation: /bin/../lib64/gcc/x86_64-suse-linux/12
Selected GCC installation: /bin/../lib64/gcc/x86_64-suse-linux/12
Candidate multilib: .;@m64
Selected multilib: .;@m64
 (in-process)
 "/usr/bin/clang-13.0.1" -cc1 -triple x86_64-suse-linux-gnu -emit-obj -mrelax-all --mrelax-relocations -disable-free -disable-llvm-verifier -discard-value-names -main-file-name CMakeCXXCompilerABI.cpp -mrelocation-model static -mframe-pointer=all -fmath-errno -fno-rounding-math -mconstructor-aliases -munwind-tables -target-cpu x86-64 -tune-cpu generic -debugger-tuning=gdb -v -fcoverage-compilation-dir=/home/theam/development/projects/cpp/modbus_ex/build/CMakeFiles/CMakeScratch/TryCompile-mDnJP2 -resource-dir /usr/lib64/clang/13.0.1 -dependency-file CMakeFiles/cmTC_efe3e.dir/CMakeCXXCompilerABI.cpp.o.d -MT CMakeFiles/cmTC_efe3e.dir/CMakeCXXCompilerABI.cpp.o -sys-header-deps -internal-isystem /bin/../lib64/gcc/x86_64-suse-linux/12/../../../../include/c++/12 -internal-isystem /bin/../lib64/gcc/x86_64-suse-linux/12/../../../../include/c++/12/x86_64-suse-linux -internal-isystem /bin/../lib64/gcc/x86_64-suse-linux/12/../../../../include/c++/12/backward -internal-isystem /usr/lib64/clang/13.0.1/include -internal-isystem /usr/local/include -internal-isystem /bin/../lib64/gcc/x86_64-suse-linux/12/../../../../x86_64-suse-linux/include -internal-externc-isystem /include -internal-externc-isystem /usr/include -fdeprecated-macro -fdebug-compilation-dir=/home/theam/development/projects/cpp/modbus_ex/build/CMakeFiles/CMakeScratch/TryCompile-mDnJP2 -ferror-limit 19 -fgnuc-version=4.2.1 -fcxx-exceptions -fexceptions -faddrsig -D__GCC_HAVE_DWARF2_CFI_ASM=1 -o CMakeFiles/cmTC_efe3e.dir/CMakeCXXCompilerABI.cpp.o -x c++ /usr/share/cmake/Modules/CMakeCXXCompilerABI.cpp
clang -cc1 version 13.0.1 based upon LLVM 13.0.1 default target x86_64-suse-linux-gnu
ignoring nonexistent directory "/include"
#include "..." search starts here:
#include <...> search starts here:
 /bin/../lib64/gcc/x86_64-suse-linux/12/../../../../include/c++/12
 /bin/../lib64/gcc/x86_64-suse-linux/12/../../../../include/c++/12/x86_64-suse-linux
 /bin/../lib64/gcc/x86_64-suse-linux/12/../../../../include/c++/12/backward
 /usr/lib64/clang/13.0.1/include
 /usr/local/include
 /bin/../lib64/gcc/x86_64-suse-linux/12/../../../../x86_64-suse-linux/include
 /usr/include
End of search list.
Linking CXX executable cmTC_efe3e
/usr/bin/cmake -E cmake_link_script CMakeFiles/cmTC_efe3e.dir/link.txt --verbose=1
/bin/clang++-13.0.1  -v -rdynamic CMakeFiles/cmTC_efe3e.dir/CMakeCXXCompilerABI.cpp.o -o cmTC_efe3e 
clang version 13.0.1
Target: x86_64-suse-linux-gnu
Thread model: posix
InstalledDir: /bin
Found candidate GCC installation: /bin/../lib64/gcc/x86_64-suse-linux/11
Found candidate GCC installation: /bin/../lib64/gcc/x86_64-suse-linux/12
Selected GCC installation: /bin/../lib64/gcc/x86_64-suse-linux/12
Candidate multilib: .;@m64
Selected multilib: .;@m64
 "/bin/ld" -export-dynamic -z relro --hash-style=gnu --hash-style=both --build-id --enable-new-dtags --eh-frame-hdr -m elf_x86_64 -export-dynamic -dynamic-linker /lib64/ld-linux-x86-64.so.2 -o cmTC_efe3e /bin/../lib64/gcc/x86_64-suse-linux/12/../../../../lib64/crt1.o /bin/../lib64/gcc/x86_64-suse-linux/12/../../../../lib64/crti.o /bin/../lib64/gcc/x86_64-suse-linux/12/crtbegin.o -L/bin/../lib64/gcc/x86_64-suse-linux/12 -L/bin/../lib64/gcc/x86_64-suse-linux/12/../../../../lib64 -L/lib/../lib64 -L/usr/lib/../lib64 -L/bin/../lib64/gcc/x86_64-suse-linux/12/../../../../x86_64-suse-linux/lib -L/usr/bin/../lib -L/lib -L/usr/lib CMakeFiles/cmTC_efe3e.dir/CMakeCXXCompilerABI.cpp.o -lstdc++ -lm -lgcc_s -lgcc -lc -lgcc_s -lgcc /bin/../lib64/gcc/x86_64-suse-linux/12/crtend.o /bin/../lib64/gcc/x86_64-suse-linux/12/../../../../lib64/crtn.o
gmake[1]: Leaving directory '/home/theam/development/projects/cpp/modbus_ex/build/CMakeFiles/CMakeScratch/TryCompile-mDnJP2'



Parsed CXX implicit include dir info from above output: rv=done
  found start of include info
  found start of implicit include info
    add: [/bin/../lib64/gcc/x86_64-suse-linux/12/../../../../include/c++/12]
    add: [/bin/../lib64/gcc/x86_64-suse-linux/12/../../../../include/c++/12/x86_64-suse-linux]
    add: [/bin/../lib64/gcc/x86_64-suse-linux/12/../../../../include/c++/12/backward]
    add: [/usr/lib64/clang/13.0.1/include]
    add: [/usr/local/include]
    add: [/bin/../lib64/gcc/x86_64-suse-linux/12/../../../../x86_64-suse-linux/include]
    add: [/usr/include]
  end of search list found
  collapse include dir [/bin/../lib64/gcc/x86_64-suse-linux/12/../../../../include/c++/12] ==> [/include/c++/12]
  collapse include dir [/bin/../lib64/gcc/x86_64-suse-linux/12/../../../../include/c++/12/x86_64-suse-linux] ==> [/include/c++/12/x86_64-suse-linux]
  collapse include dir [/bin/../lib64/gcc/x86_64-suse-linux/12/../../../../include/c++/12/backward] ==> [/include/c++/12/backward]
  collapse include dir [/usr/lib64/clang/13.0.1/include] ==> [/usr/lib64/clang/13.0.1/include]
  collapse include dir [/usr/local/include] ==> [/usr/local/include]
  collapse include dir [/bin/../lib64/gcc/x86_64-suse-linux/12/../../../../x86_64-suse-linux/include] ==> [/x86_64-suse-linux/include]
  collapse include dir [/usr/include] ==> [/usr/include]
  implicit include dirs: [/include/c++/12;/include/c++/12/x86_64-suse-linux;/include/c++/12/backward;/usr/lib64/clang/13.0.1/include;/usr/local/include;/x86_64-suse-linux/include;/usr/include]


Parsed CXX implicit link information from above output:
  link line regex: [^( *|.*[/\])(ld|CMAKE_LINK_STARTFILE-NOTFOUND|([^/\]+-)?ld|collect2)[^/\]*( |$)]
  ignore line: [Change Dir: /home/theam/development/projects/cpp/modbus_ex/build/CMakeFiles/CMakeScratch/TryCompile-mDnJP2]
  ignore line: []
  ignore line: [Run Build Command(s):/usr/bin/gmake -f Makefile cmTC_efe3e/fast && /usr/bin/gmake  -f CMakeFiles/cmTC_efe3e.dir/build.make CMakeFiles/cmTC_efe3e.dir/build]
  ignore line: [gmake[1]: Entering directory '/home/theam/development/projects/cpp/modbus_ex/build/CMakeFiles/CMakeScratch/TryCompile-mDnJP2']
  ignore line: [Building CXX object CMakeFiles/cmTC_efe3e.dir/CMakeCXXCompilerABI.cpp.o]
  ignore line: [/bin/clang++-13.0.1   -v -MD -MT CMakeFiles/cmTC_efe3e.dir/CMakeCXXCompilerABI.cpp.o -MF CMakeFiles/cmTC_efe3e.dir/CMakeCXXCompilerABI.cpp.o.d -o CMakeFiles/cmTC_efe3e.dir/CMakeCXXCompilerABI.cpp.o -c /usr/share/cmake/Modules/CMakeCXXCompilerABI.cpp]
  ignore line: [clang version 13.0.1]
  ignore line: [Target: x86_64-suse-linux-gnu]
  ignore line: [Thread model: posix]
  ignore line: [InstalledDir: /bin]
  ignore line: [Found candidate GCC installation: /bin/../lib64/gcc/x86_64-suse-linux/11]
  ignore line: [Found candidate GCC installation: /bin/../lib64/gcc/x86_64-suse-linux/12]
  ignore line: [Selected GCC installation: /bin/../lib64/gcc/x86_64-suse-linux/12]
  ignore line: [Candidate multilib: .]
  ignore line: [@m64]
  ignore line: [Selected multilib: .]
  ignore line: [@m64]
  ignore line: [ (in-process)]
  ignore line: [ "/usr/bin/clang-13.0.1" -cc1 -triple x86_64-suse-linux-gnu -emit-obj -mrelax-all --mrelax-relocations -disable-free -disable-llvm-verifier -discard-value-names -main-file-name CMakeCXXCompilerABI.cpp -mrelocation-model static -mframe-pointer=all -fmath-errno -fno-rounding-math -mconstructor-aliases -munwind-tables -target-cpu x86-64 -tune-cpu generic -debugger-tuning=gdb -v -fcoverage-compilation-dir=/home/theam/development/projects/cpp/modbus_ex/build/CMakeFiles/CMakeScratch/TryCompile-mDnJP2 -resource-dir /usr/lib64/clang/13.0.1 -dependency-file CMakeFiles/cmTC_efe3e.dir/CMakeCXXCompilerABI.cpp.o.d -MT CMakeFiles/cmTC_efe3e.dir/CMakeCXXCompilerABI.cpp.o -sys-header-deps -internal-isystem /bin/../lib64/gcc/x86_64-suse-linux/12/../../../../include/c++/12 -internal-isystem /bin/../lib64/gcc/x86_64-suse-linux/12/../../../../include/c++/12/x86_64-suse-linux -internal-isystem /bin/../lib64/gcc/x86_64-suse-linux/12/../../../../include/c++/12/backward -internal-isystem /usr/lib64/clang/13.0.1/include -internal-isystem /usr/local/include -internal-isystem /bin/../lib64/gcc/x86_64-suse-linux/12/../../../../x86_64-suse-linux/include -internal-externc-isystem /include -internal-externc-isystem /usr/include -fdeprecated-macro -fdebug-compilation-dir=/home/theam/development/projects/cpp/modbus_ex/build/CMakeFiles/CMakeScratch/TryCompile-mDnJP2 -ferror-limit 19 -fgnuc-version=4.2.1 -fcxx-exceptions -fexceptions -faddrsig -D__GCC_HAVE_DWARF2_CFI_ASM=1 -o CMakeFiles/cmTC_efe3e.dir/CMakeCXXCompilerABI.cpp.o -x c++ /usr/share/cmake/Modules/CMakeCXXCompilerABI.cpp]
  ignore line: [clang -cc1 version 13.0.1 based upon LLVM 13.0.1 default target x86_64-suse-linux-gnu]
  ignore line: [ignoring nonexistent directory "/include"]
  ignore line: [#include "..." search starts here:]
  ignore line: [#include <...> search starts here:]
  ignore line: [ /bin/../lib64/gcc/x86_64-suse-linux/12/../../../../include/c++/12]
  ignore line: [ /bin/../lib64/gcc/x86_64-suse-linux/12/../../../../include/c++/12/x86_64-suse-linux]
  ignore line: [ /bin/../lib64/gcc/x86_64-suse-linux/12/../../../../include/c++/12/backward]
  ignore line: [ /usr/lib64/clang/13.0.1/include]
  ignore line: [ /usr/local/include]
  ignore line: [ /bin/../lib64/gcc/x86_64-suse-linux/12/../../../../x86_64-suse-linux/include]
  ignore line: [ /usr/include]
  ignore line: [End of search list.]
  ignore line: [Linking CXX executable cmTC_efe3e]
  ignore line: [/usr/bin/cmake -E cmake_link_script CMakeFiles/cmTC_efe3e.dir/link.txt --verbose=1]
  ignore line: [/bin/clang++-13.0.1  -v -rdynamic CMakeFiles/cmTC_efe3e.dir/CMakeCXXCompilerABI.cpp.o -o cmTC_efe3e ]
  ignore line: [clang version 13.0.1]
  ignore line: [Target: x86_64-suse-linux-gnu]
  ignore line: [Thread model: posix]
  ignore line: [InstalledDir: /bin]
  ignore line: [Found candidate GCC installation: /bin/../lib64/gcc/x86_64-suse-linux/11]
  ignore line: [Found candidate GCC installation: /bin/../lib64/gcc/x86_64-suse-linux/12]
  ignore line: [Selected GCC installation: /bin/../lib64/gcc/x86_64-suse-linux/12]
  ignore line: [Candidate multilib: .]
  ignore line: [@m64]
  ignore line: [Selected multilib: .]
  ignore line: [@m64]
  link line: [ "/bin/ld" -export-dynamic -z relro --hash-style=gnu --hash-style=both --build-id --enable-new-dtags --eh-frame-hdr -m elf_x86_64 -export-dynamic -dynamic-linker /lib64/ld-linux-x86-64.so.2 -o cmTC_efe3e /bin/../lib64/gcc/x86_64-suse-linux/12/../../../../lib64/crt1.o /bin/../lib64/gcc/x86_64-suse-linux/12/../../../../lib64/crti.o /bin/../lib64/gcc/x86_64-suse-linux/12/crtbegin.o -L/bin/../lib64/gcc/x86_64-suse-linux/12 -L/bin/../lib64/gcc/x86_64-suse-linux/12/../../../../lib64 -L/lib/../lib64 -L/usr/lib/../lib64 -L/bin/../lib64/gcc/x86_64-suse-linux/12/../../../../x86_64-suse-linux/lib -L/usr/bin/../lib -L/lib -L/usr/lib CMakeFiles/cmTC_efe3e.dir/CMakeCXXCompilerABI.cpp.o -lstdc++ -lm -lgcc_s -lgcc -lc -lgcc_s -lgcc /bin/../lib64/gcc/x86_64-suse-linux/12/crtend.o /bin/../lib64/gcc/x86_64-suse-linux/12/../../../../lib64/crtn.o]
    arg [/bin/ld] ==> ignore
    arg [-export-dynamic] ==> ignore
    arg [-zrelro] ==> ignore
    arg [--hash-style=gnu] ==> ignore
    arg [--hash-style=both] ==> ignore
    arg [--build-id] ==> ignore
    arg [--enable-new-dtags] ==> ignore
    arg [--eh-frame-hdr] ==> ignore
    arg [-m] ==> ignore
    arg [elf_x86_64] ==> ignore
    arg [-export-dynamic] ==> ignore
    arg [-dynamic-linker] ==> ignore
    arg [/lib64/ld-linux-x86-64.so.2] ==> ignore
    arg [-o] ==> ignore
    arg [cmTC_efe3e] ==> ignore
    arg [/bin/../lib64/gcc/x86_64-suse-linux/12/../../../../lib64/crt1.o] ==> obj [/bin/../lib64/gcc/x86_64-suse-linux/12/../../../../lib64/crt1.o]
    arg [/bin/../lib64/gcc/x86_64-suse-linux/12/../../../../lib64/crti.o] ==> obj [/bin/../lib64/gcc/x86_64-suse-linux/12/../../../../lib64/crti.o]
    arg [/bin/../lib64/gcc/x86_64-suse-linux/12/crtbegin.o] ==> obj [/bin/../lib64/gcc/x86_64-suse-linux/12/crtbegin.o]
    arg [-L/bin/../lib64/gcc/x86_64-suse-linux/12] ==> dir [/bin/../lib64/gcc/x86_64-suse-linux/12]
    arg [-L/bin/../lib64/gcc/x86_64-suse-linux/12/../../../../lib64] ==> dir [/bin/../lib64/gcc/x86_64-suse-linux/12/../../../../lib64]
    arg [-L/lib/../lib64] ==> dir [/lib/../lib64]
    arg [-L/usr/lib/../lib64] ==> dir [/usr/lib/../lib64]
    arg [-L/bin/../lib64/gcc/x86_64-suse-linux/12/../../../../x86_64-suse-linux/lib] ==> dir [/bin/../lib64/gcc/x86_64-suse-linux/12/../../../../x86_64-suse-linux/lib]
    arg [-L/usr/bin/../lib] ==> dir [/usr/bin/../lib]
    arg [-L/lib] ==> dir [/lib]
    arg [-L/usr/lib] ==> dir [/usr/lib]
    arg [CMakeFiles/cmTC_efe3e.dir/CMakeCXXCompilerABI.cpp.o] ==> ignore
    arg [-lstdc++] ==> lib [stdc++]
    arg [-lm] ==> lib [m]
    arg [-lgcc_s] ==> lib [gcc_s]
    arg [-lgcc] ==> lib [gcc]
    arg [-lc] ==> lib [c]
    arg [-lgcc_s] ==> lib [gcc_s]
    arg [-lgcc] ==> lib [gcc]
    arg [/bin/../lib64/gcc/x86_64-suse-linux/12/crtend.o] ==> obj [/bin/../lib64/gcc/x86_64-suse-linux/12/crtend.o]
    arg [/bin/../lib64/gcc/x86_64-suse-linux/12/../../../../lib64/crtn.o] ==> obj [/bin/../lib64/gcc/x86_64-suse-linux/12/../../../../lib64/crtn.o]
  collapse obj [/bin/../lib64/gcc/x86_64-suse-linux/12/../../../../lib64/crt1.o] ==> [/lib64/crt1.o]
  collapse obj [/bin/../lib64/gcc/x86_64-suse-linux/12/../../../../lib64/crti.o] ==> [/lib64/crti.o]
  collapse obj [/bin/../lib64/gcc/x86_64-suse-linux/12/crtbegin.o] ==> [/lib64/gcc/x86_64-suse-linux/12/crtbegin.o]
  collapse obj [/bin/../lib64/gcc/x86_64-suse-linux/12/crtend.o] ==> [/lib64/gcc/x86_64-suse-linux/12/crtend.o]
  collapse obj [/bin/../lib64/gcc/x86_64-suse-linux/12/../../../../lib64/crtn.o] ==> [/lib64/crtn.o]
  collapse library dir [/bin/../lib64/gcc/x86_64-suse-linux/12] ==> [/lib64/gcc/x86_64-suse-linux/12]
  collapse library dir [/bin/../lib64/gcc/x86_64-suse-linux/12/../../../../lib64] ==> [/lib64]
  collapse library dir [/lib/../lib64] ==> [/lib64]
  collapse library dir [/usr/lib/../lib64] ==> [/usr/lib64]
  collapse library dir [/bin/../lib64/gcc/x86_64-suse-linux/12/../../../../x86_64-suse-linux/lib] ==> [/x86_64-suse-linux/lib]
  collapse library dir [/usr/bin/../lib] ==> [/usr/lib]
  collapse library dir [/lib] ==> [/lib]
  collapse library dir [/usr/lib] ==> [/usr/lib]
  implicit libs: [stdc++;m;gcc_s;gcc;c;gcc_s;gcc]
  implicit objs: [/lib64/crt1.o;/lib64/crti.o;/lib64/gcc/x86_64-suse-linux/12/crtbegin.o;/lib64/gcc/x86_64-suse-linux/12/crtend.o;/lib64/crtn.o]
  implicit dirs: [/lib64/gcc/x86_64-suse-linux/12;/lib64;/usr/lib64;/x86_64-suse-linux/lib;/usr/lib;/lib]
  implicit fwks: []


